#! /usr/bin/vvp
:ivl_version "11.0 (stable)";
:ivl_delay_selection "TYPICAL";
:vpi_time_precision - 9;
:vpi_module "/usr/lib/x86_64-linux-gnu/ivl/system.vpi";
:vpi_module "/usr/lib/x86_64-linux-gnu/ivl/vhdl_sys.vpi";
:vpi_module "/usr/lib/x86_64-linux-gnu/ivl/vhdl_textio.vpi";
:vpi_module "/usr/lib/x86_64-linux-gnu/ivl/v2005_math.vpi";
:vpi_module "/usr/lib/x86_64-linux-gnu/ivl/va_math.vpi";
S_0x5651a078b0f0 .scope module, "counter_tb" "counter_tb" 2 12;
 .timescale -9 -9;
v0x5651a079e7b0_0 .var "clk", 0 0;
v0x5651a079e880_0 .var "reset", 0 0;
v0x5651a079e950_0 .net "value", 3 0, v0x5651a0753f20_0;  1 drivers
S_0x5651a078b280 .scope module, "counter1" "counter" 2 31, 3 8 0, S_0x5651a078b0f0;
 .timescale -9 -9;
    .port_info 0 /OUTPUT 4 "out_o";
    .port_info 1 /INPUT 1 "clk_i";
    .port_info 2 /INPUT 1 "reset_i";
P_0x5651a078b410 .param/l "WIDTH" 0 3 8, +C4<00000000000000000000000000000100>;
v0x5651a0754180_0 .net "clk_i", 0 0, v0x5651a079e7b0_0;  1 drivers
v0x5651a0753f20_0 .var "out_o", 3 0;
v0x5651a079e660_0 .net "reset_i", 0 0, v0x5651a079e880_0;  1 drivers
E_0x5651a0752420 .event posedge, v0x5651a0754180_0;
    .scope S_0x5651a078b280;
T_0 ;
    %wait E_0x5651a0752420;
    %load/vec4 v0x5651a079e660_0;
    %flag_set/vec4 8;
    %jmp/0xz  T_0.0, 8;
    %pushi/vec4 0, 0, 4;
    %assign/vec4 v0x5651a0753f20_0, 0;
    %jmp T_0.1;
T_0.0 ;
    %load/vec4 v0x5651a0753f20_0;
    %addi 1, 0, 4;
    %assign/vec4 v0x5651a0753f20_0, 0;
T_0.1 ;
    %jmp T_0;
    .thread T_0;
    .scope S_0x5651a078b0f0;
T_1 ;
    %pushi/vec4 0, 0, 1;
    %store/vec4 v0x5651a079e880_0, 0, 1;
    %pushi/vec4 0, 0, 1;
    %store/vec4 v0x5651a079e7b0_0, 0, 1;
    %end;
    .thread T_1;
    .scope S_0x5651a078b0f0;
T_2 ;
    %delay 17, 0;
    %pushi/vec4 1, 0, 1;
    %store/vec4 v0x5651a079e880_0, 0, 1;
    %delay 11, 0;
    %pushi/vec4 0, 0, 1;
    %store/vec4 v0x5651a079e880_0, 0, 1;
    %delay 29, 0;
    %pushi/vec4 1, 0, 1;
    %store/vec4 v0x5651a079e880_0, 0, 1;
    %delay 11, 0;
    %pushi/vec4 0, 0, 1;
    %store/vec4 v0x5651a079e880_0, 0, 1;
    %delay 200, 0;
    %vpi_call 2 21 "$finish" {0 0 0};
    %end;
    .thread T_2;
    .scope S_0x5651a078b0f0;
T_3 ;
    %delay 5, 0;
    %load/vec4 v0x5651a079e7b0_0;
    %inv;
    %store/vec4 v0x5651a079e7b0_0, 0, 1;
    %jmp T_3;
    .thread T_3;
    .scope S_0x5651a078b0f0;
T_4 ;
    %vpi_call 2 38 "$dumpfile", "counter_tb.vcd" {0 0 0};
    %vpi_call 2 39 "$dumpvars", 32'sb00000000000000000000000000000001, S_0x5651a078b0f0 {0 0 0};
    %vpi_call 2 40 "$monitor", "At time %t, value = %h (%0d)", $time, v0x5651a079e950_0, v0x5651a079e950_0 {0 0 0};
    %end;
    .thread T_4;
# The file index is used to find the file name in the following table.
:file_names 4;
    "N/A";
    "<interactive>";
    "counter_tb.v";
    "./counter.v";
